Jobs: 1 (f=1): [W(1)][1.3%][w=68.1MiB/s][w=17 IOPS][eta 03m:53s]
Jobs: 1 (f=1): [W(1)][2.2%][w=96.1MiB/s][w=24 IOPS][eta 03m:39s]
Jobs: 1 (f=1): [W(1)][2.8%][w=52.1MiB/s][w=13 IOPS][eta 04m:01s] 
Jobs: 1 (f=1): [W(1)][3.8%][w=124MiB/s][w=31 IOPS][eta 03m:46s]  
Jobs: 1 (f=1): [W(1)][4.2%][w=72.0MiB/s][w=18 IOPS][eta 04m:12s]
Jobs: 1 (f=1): [W(1)][5.1%][w=112MiB/s][w=28 IOPS][eta 04m:03s]  
Jobs: 1 (f=1): [W(1)][5.8%][w=92.0MiB/s][w=23 IOPS][eta 04m:05s] 
Jobs: 1 (f=1): [W(1)][6.3%][w=104MiB/s][w=26 IOPS][eta 04m:14s]
Jobs: 1 (f=1): [W(1)][7.0%][w=112MiB/s][w=28 IOPS][eta 04m:11s]  
Jobs: 1 (f=1): [W(1)][7.7%][w=56.0MiB/s][w=14 IOPS][eta 04m:12s] 
Jobs: 1 (f=1): [W(1)][8.3%][w=80.0MiB/s][w=20 IOPS][eta 04m:14s] 
Jobs: 1 (f=1): [W(1)][8.9%][w=120MiB/s][w=30 IOPS][eta 04m:15s] 
Jobs: 1 (f=1): [W(1)][9.5%][w=104MiB/s][w=26 IOPS][eta 04m:16s] 
Jobs: 1 (f=1): [W(1)][10.2%][w=92.1MiB/s][w=23 IOPS][eta 04m:14s]
Jobs: 1 (f=1): [W(1)][11.0%][w=36.0MiB/s][w=9 IOPS][eta 04m:12s] 
Jobs: 1 (f=1): [W(1)][11.6%][w=24.0MiB/s][w=6 IOPS][eta 04m:11s] 
Jobs: 1 (f=1): [W(1)][12.3%][w=20.0MiB/s][w=5 IOPS][eta 04m:10s] 
Jobs: 1 (f=1): [W(1)][12.8%][w=4096KiB/s][w=1 IOPS][eta 04m:11s] 
Jobs: 1 (f=1): [W(1)][13.5%][w=108MiB/s][w=27 IOPS][eta 04m:10s] 
Jobs: 1 (f=1): [W(1)][14.1%][w=100MiB/s][w=25 IOPS][eta 04m:09s] 
Jobs: 1 (f=1): [W(1)][14.8%][w=88.1MiB/s][w=22 IOPS][eta 04m:08s] 
Jobs: 1 (f=1): [W(1)][15.2%][w=92.0MiB/s][w=23 IOPS][eta 04m:11s]
Jobs: 1 (f=1): [W(1)][15.9%][w=108MiB/s][w=27 IOPS][eta 04m:08s] 
Jobs: 1 (f=1): [W(1)][16.7%][w=108MiB/s][w=27 IOPS][eta 04m:04s]  
Jobs: 1 (f=1): [W(1)][17.3%][w=84.0MiB/s][w=21 IOPS][eta 04m:03s] 
Jobs: 1 (f=1): [W(1)][18.0%][w=76.0MiB/s][w=19 IOPS][eta 04m:02s] 
Jobs: 1 (f=1): [W(1)][18.8%][w=80.0MiB/s][w=20 IOPS][eta 03m:58s] 
Jobs: 1 (f=1): [W(1)][19.3%][eta 03m:59s]                        
Jobs: 1 (f=1): [W(1)][19.9%][w=32.0MiB/s][w=8 IOPS][eta 03m:58s]  
Jobs: 1 (f=1): [W(1)][20.5%][w=36.0MiB/s][w=9 IOPS][eta 03m:56s] 
Jobs: 1 (f=1): [W(1)][21.2%][w=48.0MiB/s][w=12 IOPS][eta 03m:54s] 
Jobs: 1 (f=1): [W(1)][22.2%][w=96.1MiB/s][w=24 IOPS][eta 03m:48s]
Jobs: 1 (f=1): [W(1)][22.5%][w=4100KiB/s][w=1 IOPS][eta 03m:51s]  
Jobs: 1 (f=1): [W(1)][23.2%][w=72.1MiB/s][w=18 IOPS][eta 03m:49s] 
Jobs: 1 (f=1): [W(1)][23.9%][w=68.0MiB/s][w=17 IOPS][eta 03m:46s] 
Jobs: 1 (f=1): [W(1)][24.5%][w=48.0MiB/s][w=12 IOPS][eta 03m:45s] 
Jobs: 1 (f=1): [W(1)][25.1%][w=96.1MiB/s][w=24 IOPS][eta 03m:44s]
Jobs: 1 (f=1): [W(1)][25.8%][w=36.0MiB/s][w=9 IOPS][eta 03m:41s] 
Jobs: 1 (f=1): [W(1)][26.5%][w=48.0MiB/s][w=12 IOPS][eta 03m:39s] 
Jobs: 1 (f=1): [W(1)][27.8%][w=144MiB/s][w=36 IOPS][eta 03m:30s] 
Jobs: 1 (f=1): [W(1)][29.2%][w=144MiB/s][w=36 IOPS][eta 03m:21s] 
Jobs: 1 (f=1): [W(1)][30.6%][w=120MiB/s][w=30 IOPS][eta 03m:13s] 
Jobs: 1 (f=1): [W(1)][31.9%][w=148MiB/s][w=37 IOPS][eta 03m:06s] 
Jobs: 1 (f=1): [W(1)][33.2%][w=140MiB/s][w=35 IOPS][eta 02m:59s] 
Jobs: 1 (f=1): [W(1)][34.5%][w=128MiB/s][w=32 IOPS][eta 02m:53s] 
Jobs: 1 (f=1): [W(1)][35.9%][w=140MiB/s][w=35 IOPS][eta 02m:46s] 
Jobs: 1 (f=1): [W(1)][37.3%][w=128MiB/s][w=32 IOPS][eta 02m:40s] 
Jobs: 1 (f=1): [W(1)][38.5%][w=124MiB/s][w=31 IOPS][eta 02m:35s] 
Jobs: 1 (f=1): [W(1)][39.8%][w=120MiB/s][w=30 IOPS][eta 02m:30s] 
Jobs: 1 (f=1): [W(1)][41.2%][w=140MiB/s][w=35 IOPS][eta 02m:24s] 
Jobs: 1 (f=1): [W(1)][42.6%][w=144MiB/s][w=36 IOPS][eta 02m:19s] 
Jobs: 1 (f=1): [W(1)][43.8%][w=128MiB/s][w=32 IOPS][eta 02m:15s] 
Jobs: 1 (f=1): [W(1)][45.1%][w=144MiB/s][w=36 IOPS][eta 02m:10s] 
Jobs: 1 (f=1): [W(1)][46.6%][w=140MiB/s][w=35 IOPS][eta 02m:05s] 
Jobs: 1 (f=1): [W(1)][47.8%][w=144MiB/s][w=36 IOPS][eta 02m:01s] 
Jobs: 1 (f=1): [W(1)][49.3%][w=144MiB/s][w=36 IOPS][eta 01m:56s] 
Jobs: 1 (f=1): [W(1)][50.7%][w=124MiB/s][w=31 IOPS][eta 01m:52s] 
Jobs: 1 (f=1): [W(1)][52.0%][w=148MiB/s][w=37 IOPS][eta 01m:48s] 
Jobs: 1 (f=1): [W(1)][53.4%][w=140MiB/s][w=35 IOPS][eta 01m:44s] 
Jobs: 1 (f=1): [W(1)][54.8%][w=144MiB/s][w=36 IOPS][eta 01m:40s] 
Jobs: 1 (f=1): [W(1)][55.9%][w=136MiB/s][w=34 IOPS][eta 01m:37s] 
Jobs: 1 (f=1): [W(1)][57.3%][w=124MiB/s][w=31 IOPS][eta 01m:33s] 
Jobs: 1 (f=1): [W(1)][58.5%][w=136MiB/s][w=34 IOPS][eta 01m:30s] 
Jobs: 1 (f=1): [W(1)][60.0%][w=128MiB/s][w=32 IOPS][eta 01m:26s] 
Jobs: 1 (f=1): [W(1)][61.2%][w=152MiB/s][w=38 IOPS][eta 01m:23s]  
Jobs: 1 (f=1): [W(1)][62.4%][w=132MiB/s][w=33 IOPS][eta 01m:20s] 
Jobs: 1 (f=1): [W(1)][63.7%][w=108MiB/s][w=27 IOPS][eta 01m:17s] 
Jobs: 1 (f=1): [W(1)][64.9%][w=136MiB/s][w=34 IOPS][eta 01m:14s] 
Jobs: 1 (f=1): [W(1)][66.5%][w=136MiB/s][w=34 IOPS][eta 01m:10s] 
Jobs: 1 (f=1): [W(1)][67.5%][w=140MiB/s][w=35 IOPS][eta 01m:08s]  
Jobs: 1 (f=1): [W(1)][68.8%][w=136MiB/s][w=34 IOPS][eta 01m:05s] 
Jobs: 1 (f=1): [W(1)][70.0%][w=112MiB/s][w=28 IOPS][eta 01m:02s] 
Jobs: 1 (f=1): [W(1)][71.4%][w=124MiB/s][w=31 IOPS][eta 00m:59s] 
Jobs: 1 (f=1): [W(1)][72.7%][w=140MiB/s][w=35 IOPS][eta 00m:56s] 
Jobs: 1 (f=1): [W(1)][74.0%][w=140MiB/s][w=35 IOPS][eta 00m:53s] 
Jobs: 1 (f=1): [W(1)][75.4%][w=136MiB/s][w=34 IOPS][eta 00m:50s] 
Jobs: 1 (f=1): [W(1)][76.4%][w=120MiB/s][w=30 IOPS][eta 00m:48s] 
Jobs: 1 (f=1): [W(1)][77.7%][w=144MiB/s][w=36 IOPS][eta 00m:45s] 
Jobs: 1 (f=1): [W(1)][79.1%][w=136MiB/s][w=34 IOPS][eta 00m:42s] 
Jobs: 1 (f=1): [W(1)][80.5%][w=144MiB/s][w=36 IOPS][eta 00m:39s] 
Jobs: 1 (f=1): [W(1)][81.9%][w=148MiB/s][w=37 IOPS][eta 00m:36s] 
Jobs: 1 (f=1): [W(1)][82.9%][w=116MiB/s][w=29 IOPS][eta 00m:34s] 
Jobs: 1 (f=1): [W(1)][84.3%][w=148MiB/s][w=37 IOPS][eta 00m:31s] 
Jobs: 1 (f=1): [W(1)][85.8%][w=140MiB/s][w=35 IOPS][eta 00m:28s] 
Jobs: 1 (f=1): [W(1)][87.2%][w=132MiB/s][w=33 IOPS][eta 00m:25s] 
Jobs: 1 (f=1): [W(1)][88.3%][w=140MiB/s][w=35 IOPS][eta 00m:23s] 
Jobs: 1 (f=1): [W(1)][89.7%][w=132MiB/s][w=33 IOPS][eta 00m:20s] 
Jobs: 1 (f=1): [W(1)][90.8%][w=100MiB/s][w=25 IOPS][eta 00m:18s] 
Jobs: 1 (f=1): [W(1)][92.3%][w=144MiB/s][w=36 IOPS][eta 00m:15s] 
Jobs: 1 (f=1): [W(1)][93.8%][w=140MiB/s][w=35 IOPS][eta 00m:12s] 
Jobs: 1 (f=1): [W(1)][95.3%][w=144MiB/s][w=36 IOPS][eta 00m:09s] 
Jobs: 1 (f=1): [W(1)][96.4%][w=124MiB/s][w=31 IOPS][eta 00m:07s] 
Jobs: 1 (f=1): [W(1)][97.9%][w=140MiB/s][w=35 IOPS][eta 00m:04s] 
Jobs: 1 (f=1): [W(1)][99.5%][w=144MiB/s][w=36 IOPS][eta 00m:01s] 
Jobs: 1 (f=1): [W(1)][100.0%][w=124MiB/s][w=31 IOPS][eta 00m:00s]